<?xml version="1.0" encoding="UTF-8"?>
<testsuite xmlns:xsi="http://www.w3.org/2001/XMLSchema-instance" xsi:noNamespaceSchemaLocation="https://maven.apache.org/surefire/maven-surefire-plugin/xsd/surefire-test-report.xsd" version="3.0.2" name="com.novafx.renderer.MatrixUtilsTest" time="0.014" tests="8" errors="0" skipped="0" failures="0">
  <properties>
[...]
</properties>
  <testcase name="identityShouldHaveZerosOffDiagonal" classname="com.novafx.renderer.MatrixUtilsTest" time="0.001"/>
  <testcase name="lookAtShouldProduceValidMatrix" classname="com.novafx.renderer.MatrixUtilsTest" time="0.001"/>
  <testcase name="lookAtFromOriginLookingDownZ" classname="com.novafx.renderer.MatrixUtilsTest" time="0.001"/>
  <testcase name="multiplyByIdentityShouldReturnIdentity" classname="com.novafx.renderer.MatrixUtilsTest" time="0.0"/>
  <testcase name="multiplyYieldsCorrectResult" classname="com.novafx.renderer.MatrixUtilsTest" time="0.001"/>
  <testcase name="perspectiveProducesDifferentAspectRatios" classname="com.novafx.renderer.MatrixUtilsTest" time="0.001"/>
  <testcase name="identityShouldHaveOnesOnDiagonal" classname="com.novafx.renderer.MatrixUtilsTest" time="0.001"/>
  <testcase name="perspectiveShouldSetClipping" classname="com.novafx.renderer.MatrixUtilsTest" time="0.001"/>
</testsuite>