<?xml version="1.0" encoding="UTF-8"?>
<testsuite xmlns:xsi="http://www.w3.org/2001/XMLSchema-instance" xsi:noNamespaceSchemaLocation="https://maven.apache.org/surefire/maven-surefire-plugin/xsd/surefire-test-report.xsd" version="3.0.2" name="com.novafx.math.MathPresetsTest" time="0.385" tests="17" errors="0" skipped="0" failures="0">
  <properties>
[...]
</properties>
  <testcase name="shouldReturnNullForUnknownName" classname="com.novafx.math.MathPresetsTest" time="0.016"/>
  <testcase name="spiralShouldHavePositiveSampleCount" classname="com.novafx.math.MathPresetsTest" time="0.005"/>
  <testcase name="helixShouldBe3D" classname="com.novafx.math.MathPresetsTest" time="0.001"/>
  <testcase name="starShouldHavePositiveSampleCount" classname="com.novafx.math.MathPresetsTest" time="0.001"/>
  <testcase name="doubleSpiralShouldHavePositiveSampleCount" classname="com.novafx.math.MathPresetsTest" time="0.001"/>
  <testcase name="circleShouldHavePositiveSampleCount" classname="com.novafx.math.MathPresetsTest" time="0.001"/>
  <testcase name="heartShouldHavePositiveSampleCount" classname="com.novafx.math.MathPresetsTest" time="0.0"/>
  <testcase name="infinityShouldHavePositiveSampleCount" classname="com.novafx.math.MathPresetsTest" time="0.001"/>
  <testcase name="helixShouldHavePositiveSampleCount" classname="com.novafx.math.MathPresetsTest" time="0.001"/>
  <testcase name="presetsShouldBeSampleable" classname="com.novafx.math.MathPresetsTest" time="0.326">
    <system-out><![CDATA[13:41:10.194 [DEBUG] com.novafx.math.AstFunctionSampler - Sampled 126 points from FunctionDefinition{x='3*cos(t)', y='3*sin(t)', z='0', start=0.0, end=6.283185307179586, step=0.05}
13:41:10.213 [DEBUG] com.novafx.math.AstFunctionSampler - Sampled 126 points from FunctionDefinition{x='16*pow(sin(t),3)', y='13*cos(t)-5*cos(2*t)-2*cos(3*t)-cos(4*t)', z='0', start=0.0, end=6.283185307179586, step=0.05}
13:41:10.221 [DEBUG] com.novafx.math.AstFunctionSampler - Sampled 503 points from FunctionDefinition{x='3*cos(1.25*t)*cos(t)', y='3*cos(1.25*t)*sin(t)', z='0', start=0.0, end=25.132741228718345, step=0.05}
13:41:10.223 [DEBUG] com.novafx.math.AstFunctionSampler - Sampled 503 points from FunctionDefinition{x='0.5*t*cos(t)', y='0.5*t*sin(t)', z='0', start=0.0, end=25.132741228718345, step=0.05}
13:41:10.225 [DEBUG] com.novafx.math.AstFunctionSampler - Sampled 503 points from FunctionDefinition{x='3*cos(t)', y='3*sin(t)', z='t/2', start=0.0, end=25.132741228718345, step=0.05}
13:41:10.227 [DEBUG] com.novafx.math.AstFunctionSampler - Sampled 210 points from FunctionDefinition{x='3*cos(t)/(1+pow(sin(t),2))', y='3*cos(t)*sin(t)/(1+pow(sin(t),2))', z='0', start=0.0, end=6.283185307179586, step=0.03}
13:41:10.229 [DEBUG] com.novafx.math.AstFunctionSampler - Sampled 419 points from FunctionDefinition{x='3*cos(2.5*t)*cos(t)', y='3*cos(2.5*t)*sin(t)', z='0', start=0.0, end=12.566370614359172, step=0.03}
13:41:10.231 [DEBUG] com.novafx.math.AstFunctionSampler - Sampled 252 points from FunctionDefinition{x='t/2', y='2*sin(t)', z='0', start=0.0, end=12.566370614359172, step=0.05}
13:41:10.233 [DEBUG] com.novafx.math.AstFunctionSampler - Sampled 377 points from FunctionDefinition{x='3*cos(t)', y='3*sin(t)', z='t/3', start=0.0, end=18.84955592153876, step=0.05}
]]></system-out>
  </testcase>
  <testcase name="shouldProvideAllNinePresets" classname="com.novafx.math.MathPresetsTest" time="0.009"/>
  <testcase name="waveShouldHavePositiveSampleCount" classname="com.novafx.math.MathPresetsTest" time="0.001"/>
  <testcase name="circleShouldBeFlat" classname="com.novafx.math.MathPresetsTest" time="0.0"/>
  <testcase name="flowerShouldHavePositiveSampleCount" classname="com.novafx.math.MathPresetsTest" time="0.001"/>
  <testcase name="shouldContainAllRequiredPresets" classname="com.novafx.math.MathPresetsTest" time="0.003"/>
  <testcase name="shouldReturnImmutableNamesList" classname="com.novafx.math.MathPresetsTest" time="0.004"/>
  <testcase name="shouldReturnDefinitionByName" classname="com.novafx.math.MathPresetsTest" time="0.001"/>
</testsuite>