<?xml version="1.0" encoding="UTF-8"?>
<testsuite xmlns:xsi="http://www.w3.org/2001/XMLSchema-instance" xsi:noNamespaceSchemaLocation="https://maven.apache.org/surefire/maven-surefire-plugin/xsd/surefire-test-report.xsd" version="3.0.2" name="com.novafx.math.Exp4jFunctionParserTest" time="0.555" tests="23" errors="0" skipped="0" failures="0">
  <properties>
[...]
</properties>
  <testcase name="shouldRejectMalformedExpression" classname="com.novafx.math.Exp4jFunctionParserTest" time="0.465"/>
  <testcase name="shouldEvaluateSqrt" classname="com.novafx.math.Exp4jFunctionParserTest" time="0.006"/>
  <testcase name="shouldEvaluateNestedFunctions" classname="com.novafx.math.Exp4jFunctionParserTest" time="0.001"/>
  <testcase name="shouldEvaluateWithE" classname="com.novafx.math.Exp4jFunctionParserTest" time="0.003"/>
  <testcase name="shouldEvaluateSimpleConstant" classname="com.novafx.math.Exp4jFunctionParserTest" time="0.001"/>
  <testcase name="shouldEvaluateCombinedExpression" classname="com.novafx.math.Exp4jFunctionParserTest" time="0.001"/>
  <testcase name="shouldRejectNullVariables" classname="com.novafx.math.Exp4jFunctionParserTest" time="0.001"/>
  <testcase name="shouldEvaluateVariable" classname="com.novafx.math.Exp4jFunctionParserTest" time="0.001"/>
  <testcase name="shouldEvaluateAddition" classname="com.novafx.math.Exp4jFunctionParserTest" time="0.001"/>
  <testcase name="shouldRejectBlankExpression" classname="com.novafx.math.Exp4jFunctionParserTest" time="0.002"/>
  <testcase name="shouldRejectNullExpression" classname="com.novafx.math.Exp4jFunctionParserTest" time="0.001"/>
  <testcase name="shouldEvaluateWithPi" classname="com.novafx.math.Exp4jFunctionParserTest" time="0.001"/>
  <testcase name="shouldEvaluateWithMultipleVariables" classname="com.novafx.math.Exp4jFunctionParserTest" time="0.001"/>
  <testcase name="shouldEvaluateNegation" classname="com.novafx.math.Exp4jFunctionParserTest" time="0.007"/>
  <testcase name="shouldEvaluateAbs" classname="com.novafx.math.Exp4jFunctionParserTest" time="0.001"/>
  <testcase name="shouldEvaluateCos" classname="com.novafx.math.Exp4jFunctionParserTest" time="0.001"/>
  <testcase name="shouldEvaluateExp" classname="com.novafx.math.Exp4jFunctionParserTest" time="0.001"/>
  <testcase name="shouldEvaluateLog" classname="com.novafx.math.Exp4jFunctionParserTest" time="0.002"/>
  <testcase name="shouldEvaluateMax" classname="com.novafx.math.Exp4jFunctionParserTest" time="0.001"/>
  <testcase name="shouldEvaluateMin" classname="com.novafx.math.Exp4jFunctionParserTest" time="0.001"/>
  <testcase name="shouldEvaluatePow" classname="com.novafx.math.Exp4jFunctionParserTest" time="0.001"/>
  <testcase name="shouldEvaluateSin" classname="com.novafx.math.Exp4jFunctionParserTest" time="0.001"/>
  <testcase name="shouldEvaluateTan" classname="com.novafx.math.Exp4jFunctionParserTest" time="0.0"/>
</testsuite>