<?xml version="1.0" encoding="UTF-8"?>
<testsuite xmlns:xsi="http://www.w3.org/2001/XMLSchema-instance" xsi:noNamespaceSchemaLocation="https://maven.apache.org/surefire/maven-surefire-plugin/xsd/surefire-test-report.xsd" version="3.0.2" name="com.novafx.math.Exp4jFunctionSamplerTest" time="0.289" tests="10" errors="0" skipped="0" failures="0">
  <properties>
[...]
</properties>
  <testcase name="shouldHandleNegativeT" classname="com.novafx.math.Exp4jFunctionSamplerTest" time="0.027">
    <system-out><![CDATA[13:18:26.145 [DEBUG] c.novafx.math.Exp4jFunctionSampler - Sampled 3 points from FunctionDefinition{x='t', y='t', z='t', start=-5.0, end=-3.0, step=1.0}
]]></system-out>
  </testcase>
  <testcase name="shouldSampleLinearFunction" classname="com.novafx.math.Exp4jFunctionSamplerTest" time="0.014">
    <system-out><![CDATA[13:18:26.168 [DEBUG] c.novafx.math.Exp4jFunctionSampler - Sampled 3 points from FunctionDefinition{x='t', y='2*t', z='0', start=0.0, end=2.0, step=1.0}
]]></system-out>
  </testcase>
  <testcase name="shouldHandleZeroRange" classname="com.novafx.math.Exp4jFunctionSamplerTest" time="0.002">
    <system-out><![CDATA[13:18:26.180 [DEBUG] c.novafx.math.Exp4jFunctionSampler - Sampled 1 points from FunctionDefinition{x='t', y='t', z='t', start=5.0, end=5.0, step=0.1}
]]></system-out>
  </testcase>
  <testcase name="shouldHandleLargeSampleSet" classname="com.novafx.math.Exp4jFunctionSamplerTest" time="0.208">
    <system-out><![CDATA[13:18:26.388 [DEBUG] c.novafx.math.Exp4jFunctionSampler - Sampled 10001 points from FunctionDefinition{x='cos(t)', y='sin(t)', z='t/10', start=0.0, end=100.0, step=0.01}
]]></system-out>
  </testcase>
  <testcase name="shouldSampleConstantPoint" classname="com.novafx.math.Exp4jFunctionSamplerTest" time="0.001">
    <system-out><![CDATA[13:18:26.390 [DEBUG] c.novafx.math.Exp4jFunctionSampler - Sampled 1 points from FunctionDefinition{x='1', y='2', z='3', start=0.0, end=0.0, step=1.0}
]]></system-out>
  </testcase>
  <testcase name="shouldRejectNullDefinition" classname="com.novafx.math.Exp4jFunctionSamplerTest" time="0.001"/>
  <testcase name="shouldRespectStepSize" classname="com.novafx.math.Exp4jFunctionSamplerTest" time="0.002">
    <system-out><![CDATA[13:18:26.394 [DEBUG] c.novafx.math.Exp4jFunctionSampler - Sampled 6 points from FunctionDefinition{x='t', y='t', z='t', start=0.0, end=1.0, step=0.2}
]]></system-out>
  </testcase>
  <testcase name="shouldSampleCircleXY" classname="com.novafx.math.Exp4jFunctionSamplerTest" time="0.014">
    <system-out><![CDATA[13:18:26.396 [DEBUG] c.novafx.math.Exp4jFunctionSampler - Sampled 5 points from FunctionDefinition{x='cos(t)', y='sin(t)', z='0', start=0.0, end=6.283185307179586, step=1.5707963267948966}
]]></system-out>
  </testcase>
  <testcase name="shouldRejectInvalidExpression" classname="com.novafx.math.Exp4jFunctionSamplerTest" time="0.002"/>
  <testcase name="shouldProduceCorrectPointCountForSpiral" classname="com.novafx.math.Exp4jFunctionSamplerTest" time="0.011">
    <system-out><![CDATA[13:18:26.423 [DEBUG] c.novafx.math.Exp4jFunctionSampler - Sampled 503 points from FunctionDefinition{x='0.5*t*cos(t)', y='0.5*t*sin(t)', z='0', start=0.0, end=25.132741228718345, step=0.05}
]]></system-out>
  </testcase>
</testsuite>