<?xml version="1.0" encoding="UTF-8"?>
<testsuite xmlns:xsi="http://www.w3.org/2001/XMLSchema-instance" xsi:noNamespaceSchemaLocation="https://maven.apache.org/surefire/maven-surefire-plugin/xsd/surefire-test-report.xsd" version="3.0.2" name="com.novafx.function.CompiledFunctionTest" time="0.244" tests="10" errors="0" skipped="0" failures="0">
  <properties>
[...]
</properties>
  <testcase name="shouldStoreSource" classname="com.novafx.function.CompiledFunctionTest" time="0.155"/>
  <testcase name="shouldConstructFromAst" classname="com.novafx.function.CompiledFunctionTest" time="0.016"/>
  <testcase name="toStringShouldContainExpression" classname="com.novafx.function.CompiledFunctionTest" time="0.005"/>
  <testcase name="shouldRejectBlankExpression" classname="com.novafx.function.CompiledFunctionTest" time="0.008"/>
  <testcase name="shouldRejectNullExpression" classname="com.novafx.function.CompiledFunctionTest" time="0.003"/>
  <testcase name="shouldExposeAst" classname="com.novafx.function.CompiledFunctionTest" time="0.002"/>
  <testcase name="shouldEvaluateWithVariableMap" classname="com.novafx.function.CompiledFunctionTest" time="0.003"/>
  <testcase name="shouldRejectInvalidExpression" classname="com.novafx.function.CompiledFunctionTest" time="0.003"/>
  <testcase name="shouldEvaluateFullPipeline" classname="com.novafx.function.CompiledFunctionTest" time="0.004"/>
  <testcase name="shouldReuseAcrossCalls" classname="com.novafx.function.CompiledFunctionTest" time="0.001"/>
</testsuite>